<?xml version="1.0" encoding="UTF-8"?>
<!-- Generated by org.testng.reporters.JUnitXMLReporter -->
<testsuite ignored="4" hostname="DESKTOP-97CC320" failures="1" tests="1" name="Test" time="1.089" errors="0" timestamp="2021-07-26T19:36:47 EDT">
  <testcase classname="baseConfig.Setup" name="@AfterMethod closeBroswer" time="0.002">
    <failure type="java.lang.NullPointerException" message="Cannot invoke &amp;quot;com.aventstack.extentreports.ExtentTest.log(com.aventstack.extentreports.Status, String)&amp;quot; because &amp;quot;baseConfig.Setup.test&amp;quot; is null">
      <![CDATA[java.lang.NullPointerException: Cannot invoke "com.aventstack.extentreports.ExtentTest.log(com.aventstack.extentreports.Status, String)" because "baseConfig.Setup.test" is null
at baseConfig.Setup.closeBroswer(Setup.java:60)
at java.base/java.util.ArrayList.forEach(ArrayList.java:1511)
... Removed 32 stack frames]]>
    </failure>
  </testcase> <!-- @AfterMethod closeBroswer -->
  <testcase classname="testSet.Amazon_Homepage_Test" name="Amazon_Search_bar_001" time="0.004">
    <failure type="java.lang.NullPointerException" message="Cannot invoke &amp;quot;com.aventstack.extentreports.ExtentReports.createTest(String)&amp;quot; because &amp;quot;testSet.Amazon_Homepage_Test.report&amp;quot; is null">
      <![CDATA[java.lang.NullPointerException: Cannot invoke "com.aventstack.extentreports.ExtentReports.createTest(String)" because "testSet.Amazon_Homepage_Test.report" is null
at testSet.Amazon_Homepage_Test.Amazon_Search_bar_001(Amazon_Homepage_Test.java:21)
at java.base/java.util.ArrayList.forEach(ArrayList.java:1511)
... Removed 27 stack frames]]>
    </failure>
  </testcase> <!-- Amazon_Search_bar_001 -->
  <testcase classname="testSet.Demo1" name="Login" time="0.0">
    <ignored/>
  </testcase> <!-- Login -->
  <testcase classname="testSet.Demo1" name="Logout" time="0.0">
    <ignored/>
  </testcase> <!-- Logout -->
  <testcase classname="testSet.Demo1" name="getPageTittle" time="0.0">
    <ignored/>
  </testcase> <!-- getPageTittle -->
  <testcase classname="testSet.Demo1" name="Test2" time="0.0">
    <ignored/>
  </testcase> <!-- Test2 -->
</testsuite> <!-- Test -->
