<?xml version="1.0" encoding="UTF-8"?>
<!-- Generated by org.testng.reporters.JUnitXMLReporter -->
<testsuite ignored="0" hostname="LAPTOP-GLLM7EP9" failures="1" tests="1" name="Test(failed)" time="2.137" errors="0" timestamp="2021-08-02T20:32:03 EDT">
  <testcase classname="baseConfig.Setup" name="@AfterMethod closeBroswer" time="0.007">
    <failure type="java.lang.NullPointerException" message="Cannot invoke &amp;quot;com.aventstack.extentreports.ExtentTest.log(com.aventstack.extentreports.Status, String)&amp;quot; because &amp;quot;baseConfig.Setup.test&amp;quot; is null">
      <![CDATA[java.lang.NullPointerException: Cannot invoke "com.aventstack.extentreports.ExtentTest.log(com.aventstack.extentreports.Status, String)" because "baseConfig.Setup.test" is null
at baseConfig.Setup.closeBroswer(Setup.java:60)
at java.base/java.util.ArrayList.forEach(ArrayList.java:1511)
... Removed 32 stack frames]]>
    </failure>
  </testcase> <!-- @AfterMethod closeBroswer -->
  <testcase classname="testSet.Amazon_Homepage_Test" name="Amazon_Search_bar_001" time="0.005">
    <failure type="java.lang.NullPointerException" message="Cannot invoke &amp;quot;com.aventstack.extentreports.ExtentReports.createTest(String)&amp;quot; because &amp;quot;testSet.Amazon_Homepage_Test.report&amp;quot; is null">
      <![CDATA[java.lang.NullPointerException: Cannot invoke "com.aventstack.extentreports.ExtentReports.createTest(String)" because "testSet.Amazon_Homepage_Test.report" is null
at testSet.Amazon_Homepage_Test.Amazon_Search_bar_001(Amazon_Homepage_Test.java:21)
at java.base/java.util.ArrayList.forEach(ArrayList.java:1511)
... Removed 27 stack frames]]>
    </failure>
  </testcase> <!-- Amazon_Search_bar_001 -->
</testsuite> <!-- Test(failed) -->
